Build started 2017-05-19 16:27:01.
     1>Project "H:\Private\datorgrafik\lab2\vectorLab\vectorLab.vcxproj" on node 2 (build target(s)).
     1>InitializeBuildStatus:
         Creating ".\Debug\vectorLab.unsuccessfulbuild" because "AlwaysCreate" was specified.
       ClCompile:
         c:\Program Files (x86)\Microsoft Visual Studio 10.0\VC\bin\CL.exe /c /IH:\Private\datorgrafik\lab2\vectorLab\\include\gl /ZI /nologo /W3 /WX- /Od /Oy- /D WIN32 /D _DEBUG /D _WINDOWS /D GLUT_BUILDING_LIB /D _VC80_UPGRADE=0x0600 /D _MBCS /Gm /EHsc /RTC1 /MTd /GS /fp:precise /Zc:wchar_t /Zc:forScope /Fo".\Debug/" /Fd".\Debug/vc100.pdb" /Gd /TP /analyze- /errorReport:prompt vectorLab.cpp
         vectorLab.cpp
       ManifestResourceCompile:
         All outputs are up-to-date.
       Link:
         c:\Program Files (x86)\Microsoft Visual Studio 10.0\VC\bin\link.exe /ERRORREPORT:PROMPT /OUT:".\Debug/vectorLab.exe" /INCREMENTAL /NOLOGO /LIBPATH:H:\Private\datorgrafik\lab2\vectorLab\/libs winmm.lib odbc32.lib odbccp32.lib glut32.lib kernel32.lib user32.lib gdi32.lib winspool.lib comdlg32.lib advapi32.lib shell32.lib ole32.lib oleaut32.lib uuid.lib odbc32.lib odbccp32.lib /MANIFEST /ManifestFile:".\Debug\vectorLab.exe.intermediate.manifest" /MANIFESTUAC:"level='asInvoker' uiAccess='false'" /DEBUG /PDB:".\Debug/particleLab.pdb" /SUBSYSTEM:CONSOLE /TLBID:1 /DYNAMICBASE:NO /IMPLIB:".\Debug\vectorLab.lib" /MACHINE:X86 .\Debug\vectorLab.exe.embed.manifest.res
         .\Debug/vector.obj
         .\Debug/vectorLab.obj
       Manifest:
         c:\Program Files (x86)\Microsoft SDKs\Windows\v7.0A\bin\mt.exe /nologo /verbose /out:".\Debug\vectorLab.exe.embed.manifest" /manifest .\Debug\vectorLab.exe.intermediate.manifest
         All outputs are up-to-date.
       LinkEmbedManifest:
         c:\Program Files (x86)\Microsoft Visual Studio 10.0\VC\bin\link.exe /ERRORREPORT:PROMPT /OUT:".\Debug/vectorLab.exe" /INCREMENTAL /NOLOGO /LIBPATH:H:\Private\datorgrafik\lab2\vectorLab\/libs winmm.lib odbc32.lib odbccp32.lib glut32.lib kernel32.lib user32.lib gdi32.lib winspool.lib comdlg32.lib advapi32.lib shell32.lib ole32.lib oleaut32.lib uuid.lib odbc32.lib odbccp32.lib /MANIFEST /ManifestFile:".\Debug\vectorLab.exe.intermediate.manifest" /MANIFESTUAC:"level='asInvoker' uiAccess='false'" /DEBUG /PDB:".\Debug/particleLab.pdb" /SUBSYSTEM:CONSOLE /TLBID:1 /DYNAMICBASE:NO /IMPLIB:".\Debug\vectorLab.lib" /MACHINE:X86 .\Debug\vectorLab.exe.embed.manifest.res
         .\Debug/vector.obj
         .\Debug/vectorLab.obj
         vectorLab.vcxproj -> H:\Private\datorgrafik\lab2\vectorLab\.\Debug\vectorLab.exe
       FinalizeBuildStatus:
         Deleting file ".\Debug\vectorLab.unsuccessfulbuild".
         Touching ".\Debug\vectorLab.lastbuildstate".
     1>Done Building Project "H:\Private\datorgrafik\lab2\vectorLab\vectorLab.vcxproj" (build target(s)).

Build succeeded.

Time Elapsed 00:00:06.42
